# AI-OPS-17 GH Pages publish proof

timestamp_utc=2026-02-17T15:01:42Z
remote=https://github.com/gsusI/vota-con-la-chola.git

## ls-remote (gh-pages)
06674865945909d03695314a2ed8112c4f2685c4	refs/heads/gh-pages

## fetch origin gh-pages

## origin/gh-pages head
0667486 Publish explorers landing and explorer-politico static snapshot

## root tree (names)
citizen
explorer
explorer-politico
explorer-sources
explorer-temas
explorer-votaciones
graph
index.html

## citizen subtree (names)
data
index.html
